TN:
SF:C:\Users\USER\Desktop\platziverse\platziverse-db\index.js
FN:10,(anonymous_0)
FNF:1
FNH:1
FNDA:14,(anonymous_0)
DA:3,14
DA:4,14
DA:5,14
DA:6,14
DA:7,14
DA:8,14
DA:10,14
DA:11,14
DA:23,14
DA:24,14
DA:25,14
DA:27,14
DA:28,14
DA:30,14
DA:32,14
DA:33,0
DA:36,14
DA:37,14
DA:39,14
LF:19
LH:18
BRDA:32,0,0,0
BRDA:32,0,1,14
BRF:2
BRH:1
end_of_record
TN:
SF:C:\Users\USER\Desktop\platziverse\platziverse-db\lib\agent.js
FN:3,setupAgent
FN:4,createOrUpdate
FN:22,findById
FN:26,findByUuid
FN:34,findAll
FN:38,findConnected
FN:46,findByUsername
FNF:7
FNH:7
FNDA:14,setupAgent
FNDA:2,createOrUpdate
FNDA:1,findById
FNDA:1,findByUuid
FNDA:1,findAll
FNDA:1,findConnected
FNDA:1,findByUsername
DA:3,2
DA:5,2
DA:11,2
DA:13,2
DA:14,1
DA:15,1
DA:18,1
DA:19,1
DA:23,1
DA:27,1
DA:35,1
DA:39,1
DA:47,1
DA:55,14
LF:14
LH:14
BRDA:13,0,0,1
BRDA:13,0,1,1
BRDA:15,1,0,1
BRDA:15,1,1,0
BRF:4
BRH:3
end_of_record
TN:
SF:C:\Users\USER\Desktop\platziverse\platziverse-db\lib\db.js
FN:6,setupDatabase
FNF:1
FNH:1
FNDA:14,setupDatabase
DA:3,2
DA:4,2
DA:6,2
DA:7,14
DA:8,2
DA:11,14
LF:6
LH:6
BRDA:7,0,0,2
BRDA:7,0,1,12
BRF:2
BRH:2
end_of_record
TN:
SF:C:\Users\USER\Desktop\platziverse\platziverse-db\lib\metric.js
FN:3,setUpMetric
FN:4,findByAgentUuid
FN:19,findByTypeAgentUuid
FN:37,create
FNF:4
FNH:4
FNDA:14,setUpMetric
FNDA:1,findByAgentUuid
FNDA:1,findByTypeAgentUuid
FNDA:1,create
DA:3,2
DA:5,1
DA:20,1
DA:38,1
DA:42,1
DA:43,1
DA:44,1
DA:45,1
DA:49,14
LF:9
LH:9
BRDA:42,0,0,1
BRDA:42,0,1,0
BRF:2
BRH:1
end_of_record
TN:
SF:C:\Users\USER\Desktop\platziverse\platziverse-db\models\agent.js
FN:6,setupAgentModel
FNF:1
FNH:0
FNDA:0,setupAgentModel
DA:3,2
DA:4,2
DA:6,2
DA:7,0
DA:9,0
LF:5
LH:3
BRF:0
BRH:0
end_of_record
TN:
SF:C:\Users\USER\Desktop\platziverse\platziverse-db\models\metric.js
FN:6,setupMetricModel
FNF:1
FNH:0
FNDA:0,setupMetricModel
DA:3,2
DA:4,2
DA:6,2
DA:7,0
DA:9,0
LF:5
LH:3
BRF:0
BRH:0
end_of_record
TN:
SF:C:\Users\USER\Desktop\platziverse\platziverse-db/tests\agent-tests.js
FN:10,(anonymous_0)
FN:44,(anonymous_1)
FN:55,(anonymous_2)
FN:78,(anonymous_3)
FN:79,(anonymous_4)
FN:85,(anonymous_5)
FN:89,(anonymous_6)
FN:94,(anonymous_7)
FN:102,(anonymous_8)
FN:113,(anonymous_9)
FN:124,(anonymous_10)
FN:135,(anonymous_11)
FN:147,(anonymous_12)
FN:159,(anonymous_13)
FN:169,(anonymous_14)
FNF:15
FNH:15
FNDA:9,(anonymous_0)
FNDA:9,(anonymous_1)
FNDA:1,(anonymous_2)
FNDA:9,(anonymous_3)
FNDA:9,(anonymous_4)
FNDA:9,(anonymous_5)
FNDA:1,(anonymous_6)
FNDA:1,(anonymous_7)
FNDA:1,(anonymous_8)
FNDA:1,(anonymous_9)
FNDA:1,(anonymous_10)
FNDA:1,(anonymous_11)
FNDA:1,(anonymous_12)
FNDA:1,(anonymous_13)
FNDA:1,(anonymous_14)
DA:3,1
DA:4,1
DA:5,1
DA:7,1
DA:9,1
DA:13,1
DA:17,1
DA:18,1
DA:19,1
DA:20,1
DA:21,1
DA:23,1
DA:25,1
DA:30,1
DA:33,1
DA:36,1
DA:44,1
DA:45,9
DA:48,9
DA:53,9
DA:54,9
DA:55,1
DA:59,9
DA:60,9
DA:63,9
DA:64,9
DA:67,9
DA:68,9
DA:71,9
DA:72,9
DA:73,9
DA:74,9
DA:77,9
DA:78,9
DA:79,9
DA:82,9
DA:85,1
DA:86,9
DA:89,1
DA:90,1
DA:94,1
DA:95,1
DA:96,1
DA:97,1
DA:98,1
DA:102,1
DA:103,1
DA:105,1
DA:106,1
DA:107,1
DA:109,1
DA:113,1
DA:114,1
DA:116,1
DA:117,1
DA:118,1
DA:120,1
DA:124,1
DA:125,1
DA:127,1
DA:128,1
DA:129,1
DA:131,1
DA:135,1
DA:136,1
DA:138,1
DA:139,1
DA:140,1
DA:142,1
DA:143,1
DA:147,1
DA:148,1
DA:150,1
DA:151,1
DA:152,1
DA:154,1
DA:155,1
DA:159,1
DA:160,1
DA:162,1
DA:163,1
DA:164,1
DA:165,1
DA:169,1
DA:170,1
DA:172,1
DA:173,1
DA:174,1
DA:177,1
DA:178,1
DA:179,1
DA:181,1
LF:92
LH:92
BRDA:86,0,0,9
BRDA:86,0,1,9
BRF:2
BRH:2
end_of_record
TN:
SF:C:\Users\USER\Desktop\platziverse\platziverse-db/tests\metric-tests.js
FN:11,(anonymous_0)
FN:61,(anonymous_1)
FN:78,(anonymous_2)
FN:91,(anonymous_3)
FN:92,(anonymous_4)
FN:98,(anonymous_5)
FN:102,(anonymous_6)
FN:106,(anonymous_7)
FN:113,(anonymous_8)
FN:123,(anonymous_9)
FN:133,(anonymous_10)
FNF:11
FNH:11
FNDA:5,(anonymous_0)
FNDA:5,(anonymous_1)
FNDA:1,(anonymous_2)
FNDA:5,(anonymous_3)
FNDA:5,(anonymous_4)
FNDA:4,(anonymous_5)
FNDA:1,(anonymous_6)
FNDA:1,(anonymous_7)
FNDA:1,(anonymous_8)
FNDA:1,(anonymous_9)
FNDA:1,(anonymous_10)
DA:3,1
DA:4,1
DA:5,1
DA:7,1
DA:8,1
DA:10,1
DA:14,1
DA:15,1
DA:16,1
DA:17,1
DA:18,1
DA:19,1
DA:21,1
DA:25,1
DA:38,1
DA:55,1
DA:61,1
DA:62,5
DA:64,5
DA:68,5
DA:73,5
DA:74,5
DA:76,5
DA:77,5
DA:78,1
DA:81,5
DA:82,5
DA:85,5
DA:86,5
DA:87,5
DA:88,5
DA:90,5
DA:91,5
DA:92,5
DA:95,5
DA:98,1
DA:99,4
DA:102,1
DA:103,1
DA:106,1
DA:107,1
DA:108,1
DA:109,1
DA:110,1
DA:113,1
DA:114,1
DA:116,1
DA:117,1
DA:118,1
DA:120,1
DA:123,1
DA:124,1
DA:126,1
DA:127,1
DA:128,1
DA:130,1
DA:133,1
DA:134,1
DA:136,1
DA:137,1
DA:138,1
DA:140,1
DA:141,1
DA:142,1
DA:144,1
LF:65
LH:65
BRDA:99,0,0,4
BRDA:99,0,1,4
BRF:2
BRH:2
end_of_record
TN:
SF:C:\Users\USER\Desktop\platziverse\platziverse-db/tests\fixtures\agent.js
FN:23,extend
FN:31,(anonymous_1)
FN:32,(anonymous_2)
FN:33,(anonymous_3)
FN:33,(anonymous_4)
FN:34,(anonymous_5)
FN:34,(anonymous_6)
FNF:7
FNH:7
FNDA:12,extend
FNDA:16,(anonymous_1)
FNDA:16,(anonymous_2)
FNDA:15,(anonymous_3)
FNDA:60,(anonymous_4)
FNDA:14,(anonymous_5)
FNDA:56,(anonymous_6)
DA:4,4
DA:16,4
DA:24,12
DA:25,12
DA:28,4
DA:31,16
DA:32,16
DA:33,60
DA:34,56
LF:9
LH:9
BRF:0
BRH:0
end_of_record
TN:
SF:C:\Users\USER\Desktop\platziverse\platziverse-db/tests\fixtures\metric.js
FN:24,findByAgentUuid
FN:25,(anonymous_1)
FN:25,(anonymous_2)
FN:34,findByTypeAgentUuid
FN:35,(anonymous_4)
FN:35,(anonymous_5)
FNF:6
FNH:6
FNDA:6,findByAgentUuid
FNDA:24,(anonymous_1)
FNDA:18,(anonymous_2)
FNDA:6,findByTypeAgentUuid
FNDA:24,(anonymous_4)
FNDA:18,(anonymous_5)
DA:3,2
DA:4,2
DA:6,2
DA:8,2
DA:17,2
DA:25,24
DA:26,18
DA:28,18
DA:30,18
DA:35,24
DA:36,18
DA:38,18
DA:39,18
DA:41,18
DA:45,2
LF:15
LH:15
BRDA:25,0,0,24
BRDA:25,0,1,0
BRDA:35,1,0,24
BRDA:35,1,1,18
BRDA:35,2,0,18
BRDA:35,2,1,0
BRF:6
BRH:4
end_of_record
TN:
SF:C:\Users\USER\Desktop\platziverse\platziverse-db\utils\index.js
FN:3,extend
FN:8,sortBy
FN:9,(anonymous_2)
FNF:3
FNH:3
FNDA:6,extend
FNDA:6,sortBy
FNDA:12,(anonymous_2)
DA:4,6
DA:5,6
DA:9,6
DA:10,12
DA:11,12
DA:13,12
DA:14,0
DA:15,12
DA:16,0
DA:18,12
DA:23,2
LF:11
LH:9
BRDA:13,0,0,0
BRDA:13,0,1,12
BRDA:15,1,0,0
BRDA:15,1,1,12
BRF:4
BRH:2
end_of_record
